<?xml version="1.0" encoding="UTF-8"?>
<!-- Generated by org.testng.reporters.JUnitXMLReporter -->
<testsuite ignored="1" hostname="DESKTOP-RFCV7TH" failures="0" tests="1" name="adduserPageTest" time="26.266" errors="0" timestamp="2024-12-01T14:44:18 IST">
  <testcase classname="testscript.AddUserPageTest" name="verify_add_user" time="15.531"/>
  <testcase classname="testscript.AddUserPageTest" name="verify_userLogin_withNewly_Added_user" time="0.0">
    <ignored/>
  </testcase> <!-- verify_userLogin_withNewly_Added_user -->
</testsuite> <!-- adduserPageTest -->
