<?xml version="1.0" encoding="UTF-8"?>
<!-- Generated by org.testng.reporters.JUnitXMLReporter -->
<testsuite ignored="1" hostname="DESKTOP-RFCV7TH" failures="0" tests="1" name="loginPageTest" time="20.352" errors="0" timestamp="2024-12-01T14:44:12 IST">
  <testcase classname="testscript.LoginPageTest" name="verify_Login_With_Valid_Credentials" time="9.021"/>
  <testcase classname="testscript.LoginPageTest" name="verify_errorMessage_whileLogin_withInvalid_credentials" time="0.0">
    <ignored/>
  </testcase> <!-- verify_errorMessage_whileLogin_withInvalid_credentials -->
</testsuite> <!-- loginPageTest -->
