<?xml version="1.0" encoding="UTF-8"?>
<!-- Generated by org.testng.reporters.JUnitXMLReporter -->
<testsuite ignored="0" hostname="DESKTOP-RFCV7TH" failures="0" tests="3" name="Test" time="69.238" errors="0" timestamp="2024-10-14T11:27:30 IST">
  <testcase classname="testscript.UserActionsPageTest" name="verify_ViewUser_Page" time="15.539"/>
  <testcase classname="testscript.AddUserPageTest" name="verify_add_user" time="11.801"/>
  <testcase classname="testscript.AddUserPageTest" name="verify_userLogin_withNewly_Added_user" time="18.333"/>
</testsuite> <!-- Test -->
