<?xml version="1.0" encoding="UTF-8"?>
<testng-results ignored="0" total="3" passed="3" failed="0" skipped="0">
  <reporter-output>
  </reporter-output>
  <suite started-at="2024-10-14T11:26:20 IST" name="Suite" finished-at="2024-10-14T11:27:29 IST" duration-ms="69238">
    <groups>
    </groups>
    <test started-at="2024-10-14T11:26:20 IST" name="Test" finished-at="2024-10-14T11:27:29 IST" duration-ms="69238">
      <class name="testscript.UserActionsPageTest">
        <test-method is-config="true" signature="setup()[pri:0, instance:testscript.UserActionsPageTest@bd4dc25]" started-at="2024-10-14T11:26:20 IST" name="setup" finished-at="2024-10-14T11:26:25 IST" duration-ms="4374" status="PASS">
          <reporter-output>
          </reporter-output>
        </test-method> <!-- setup -->
        <test-method signature="verify_ViewUser_Page()[pri:0, instance:testscript.UserActionsPageTest@bd4dc25]" started-at="2024-10-14T11:26:25 IST" name="verify_ViewUser_Page" finished-at="2024-10-14T11:26:40 IST" duration-ms="15539" status="PASS">
          <reporter-output>
          </reporter-output>
        </test-method> <!-- verify_ViewUser_Page -->
        <test-method is-config="true" signature="closeBrowser(org.testng.ITestResult)[pri:0, instance:testscript.UserActionsPageTest@bd4dc25]" started-at="2024-10-14T11:26:40 IST" name="closeBrowser" finished-at="2024-10-14T11:26:41 IST" duration-ms="862" status="PASS">
          <params>
            <param index="0">
              <value>
                <![CDATA[[TestResult name=verify_ViewUser_Page status=SUCCESS method=UserActionsPageTest.verify_ViewUser_Page()[pri:0, instance:testscript.UserActionsPageTest@bd4dc25] output={null}]]]>
              </value>
            </param>
          </params>
          <reporter-output>
          </reporter-output>
        </test-method> <!-- closeBrowser -->
      </class> <!-- testscript.UserActionsPageTest -->
      <class name="testscript.AddUserPageTest">
        <test-method is-config="true" signature="setup()[pri:0, instance:testscript.AddUserPageTest@1af2d44a]" started-at="2024-10-14T11:26:41 IST" name="setup" finished-at="2024-10-14T11:26:48 IST" duration-ms="6953" status="PASS">
          <reporter-output>
          </reporter-output>
        </test-method> <!-- setup -->
        <test-method signature="verify_add_user()[pri:0, instance:testscript.AddUserPageTest@1af2d44a]" started-at="2024-10-14T11:26:48 IST" name="verify_add_user" finished-at="2024-10-14T11:27:00 IST" duration-ms="11801" status="PASS">
          <reporter-output>
          </reporter-output>
        </test-method> <!-- verify_add_user -->
        <test-method is-config="true" signature="closeBrowser(org.testng.ITestResult)[pri:0, instance:testscript.AddUserPageTest@1af2d44a]" started-at="2024-10-14T11:27:00 IST" name="closeBrowser" finished-at="2024-10-14T11:27:02 IST" duration-ms="1847" status="PASS">
          <params>
            <param index="0">
              <value>
                <![CDATA[[TestResult name=verify_add_user status=SUCCESS method=AddUserPageTest.verify_add_user()[pri:0, instance:testscript.AddUserPageTest@1af2d44a] output={null}]]]>
              </value>
            </param>
          </params>
          <reporter-output>
          </reporter-output>
        </test-method> <!-- closeBrowser -->
        <test-method is-config="true" signature="setup()[pri:0, instance:testscript.AddUserPageTest@1af2d44a]" started-at="2024-10-14T11:27:02 IST" name="setup" finished-at="2024-10-14T11:27:11 IST" duration-ms="8856" status="PASS">
          <reporter-output>
          </reporter-output>
        </test-method> <!-- setup -->
        <test-method signature="verify_userLogin_withNewly_Added_user()[pri:0, instance:testscript.AddUserPageTest@1af2d44a]" started-at="2024-10-14T11:27:11 IST" name="verify_userLogin_withNewly_Added_user" finished-at="2024-10-14T11:27:29 IST" duration-ms="18333" status="PASS">
          <reporter-output>
          </reporter-output>
        </test-method> <!-- verify_userLogin_withNewly_Added_user -->
        <test-method is-config="true" signature="closeBrowser(org.testng.ITestResult)[pri:0, instance:testscript.AddUserPageTest@1af2d44a]" started-at="2024-10-14T11:27:29 IST" name="closeBrowser" finished-at="2024-10-14T11:27:29 IST" duration-ms="460" status="PASS">
          <params>
            <param index="0">
              <value>
                <![CDATA[[TestResult name=verify_userLogin_withNewly_Added_user status=SUCCESS method=AddUserPageTest.verify_userLogin_withNewly_Added_user()[pri:0, instance:testscript.AddUserPageTest@1af2d44a] output={null}]]]>
              </value>
            </param>
          </params>
          <reporter-output>
          </reporter-output>
        </test-method> <!-- closeBrowser -->
      </class> <!-- testscript.AddUserPageTest -->
    </test> <!-- Test -->
  </suite> <!-- Suite -->
</testng-results>
