<?xml version="1.0" encoding="UTF-8"?>
<!-- Generated by org.testng.reporters.JUnitXMLReporter -->
<testsuite ignored="2" hostname="DESKTOP-RFCV7TH" failures="0" tests="2" name="Test" time="21.031" errors="0" timestamp="2024-12-01T12:34:40 IST">
  <testcase classname="testscript.LoginTest" name="verifyLoginWithValidUsernameAndValidPassword" time="5.027"/>
  <testcase classname="testscript.LoginTest" name="verifyUnableToLoginWithInvalidUsernameAndValidPassword" time="1.448"/>
  <testcase classname="testscript.LoginTest" name="verifyUnableToLoginWithValidUsernameAndInvalidPassword" time="0.0">
    <ignored/>
  </testcase> <!-- verifyUnableToLoginWithValidUsernameAndInvalidPassword -->
  <testcase classname="testscript.LoginTest" name="verifyUnableToLoginWithInvalidUsernameAndInvalidPassword" time="0.0">
    <ignored/>
  </testcase> <!-- verifyUnableToLoginWithInvalidUsernameAndInvalidPassword -->
</testsuite> <!-- Test -->
