<?xml version="1.0" encoding="UTF-8"?>
<!-- Generated by org.testng.reporters.JUnitXMLReporter -->
<testsuite ignored="3" hostname="DESKTOP-RFCV7TH" failures="0" tests="1" name="ChromeTest" time="42.139" errors="0" timestamp="2024-11-28T14:13:13 IST">
  <testcase classname="testscript.LoginTest" name="verifyLoginWithValidUsernameAndValidPassword" time="18.945"/>
  <testcase classname="testscript.LoginTest" name="verifyUnableToLoginWithInvalidUsernameAndValidPassword" time="0.0">
    <ignored/>
  </testcase> <!-- verifyUnableToLoginWithInvalidUsernameAndValidPassword -->
  <testcase classname="testscript.LoginTest" name="verifyUnableToLoginWithValidUsernameAndInvalidPassword" time="0.0">
    <ignored/>
  </testcase> <!-- verifyUnableToLoginWithValidUsernameAndInvalidPassword -->
  <testcase classname="testscript.LoginTest" name="verifyUnableToLoginWithInvalidUsernameAndInvalidPassword" time="0.0">
    <ignored/>
  </testcase> <!-- verifyUnableToLoginWithInvalidUsernameAndInvalidPassword -->
</testsuite> <!-- ChromeTest -->
