<?xml version="1.0" encoding="UTF-8"?>
<!-- Generated by org.testng.reporters.JUnitXMLReporter -->
<testsuite ignored="1" hostname="DESKTOP-RFCV7TH" failures="0" tests="1" name="ChromeTest" time="21.181" errors="0" timestamp="2024-12-01T14:39:59 IST">
  <testcase classname="testscript.AddUserPageTest" name="verify_add_user" time="11.868"/>
  <testcase classname="testscript.AddUserPageTest" name="verify_userLogin_withNewly_Added_user" time="0.0">
    <ignored/>
  </testcase> <!-- verify_userLogin_withNewly_Added_user -->
</testsuite> <!-- ChromeTest -->
