<?xml version="1.0" encoding="UTF-8"?>
<testng-results ignored="0" total="1" passed="1" failed="0" skipped="0">
  <reporter-output>
  </reporter-output>
  <suite started-at="2024-12-01T14:10:45 IST" name="Suite" finished-at="2024-12-01T14:11:05 IST" duration-ms="20273">
    <groups>
    </groups>
    <test started-at="2024-12-01T14:10:45 IST" name="Test" finished-at="2024-12-01T14:11:05 IST" duration-ms="20273">
      <class name="testscript.UserManagementTest">
        <test-method is-config="true" signature="intialiseBrowser(java.lang.String)[pri:0, instance:testscript.UserManagementTest@368f2016]" started-at="2024-12-01T14:10:45 IST" name="intialiseBrowser" finished-at="2024-12-01T14:10:53 IST" duration-ms="7817" status="PASS">
          <params>
            <param index="0">
              <value>
                <![CDATA[Chrome]]>
              </value>
            </param>
          </params>
          <reporter-output>
          </reporter-output>
        </test-method> <!-- intialiseBrowser -->
        <test-method signature="verifyAddNewUser()[pri:0, instance:testscript.UserManagementTest@368f2016]" started-at="2024-12-01T14:10:53 IST" name="verifyAddNewUser" finished-at="2024-12-01T14:11:03 IST" duration-ms="10282" status="PASS">
          <reporter-output>
          </reporter-output>
        </test-method> <!-- verifyAddNewUser -->
        <test-method is-config="true" signature="driverQuit()[pri:0, instance:testscript.UserManagementTest@368f2016]" started-at="2024-12-01T14:11:03 IST" name="driverQuit" finished-at="2024-12-01T14:11:05 IST" duration-ms="2076" status="PASS">
          <reporter-output>
          </reporter-output>
        </test-method> <!-- driverQuit -->
      </class> <!-- testscript.UserManagementTest -->
    </test> <!-- Test -->
  </suite> <!-- Suite -->
</testng-results>
